{
  "RSpec": {
    "coverage": {
      "/Users/manuelevidaurrea/Documents/work/agiltec/workspace/ruby/rails/cadenero/spec/support/factories/account_factory.rb": [
        1,
        1,
        10,
        10,
        1,
        1,
        9,
        null,
        1,
        1,
        7,
        null,
        null,
        null,
        null
      ],
      "/Users/manuelevidaurrea/Documents/work/agiltec/workspace/ruby/rails/cadenero/spec/support/factories/user_factory.rb": [
        1,
        1,
        11,
        1,
        null,
        null
      ],
      "/Users/manuelevidaurrea/Documents/work/agiltec/workspace/ruby/rails/cadenero/spec/support/generator_macros.rb": [
        1,
        1,
        1,
        2,
        2,
        null,
        null,
        2,
        2,
        null,
        4,
        null,
        null,
        null,
        1,
        2,
        null,
        null,
        1,
        2,
        null,
        null,
        null,
        null,
        1,
        1,
        null,
        null,
        null
      ],
      "/Users/manuelevidaurrea/Documents/work/agiltec/workspace/ruby/rails/cadenero/spec/support/subdomain_helpers.rb": [
        1,
        1,
        7,
        7,
        7,
        1,
        null,
        null
      ],
      "/Users/manuelevidaurrea/Documents/work/agiltec/workspace/ruby/rails/cadenero/spec/features/accounts/sign_up_spec.rb": [
        1,
        null,
        1,
        null,
        3,
        null,
        null,
        1,
        2,
        null,
        null,
        1,
        2,
        2,
        2,
        null,
        null,
        1,
        1,
        1,
        1,
        1,
        1,
        null,
        null,
        1,
        1,
        1,
        1,
        1,
        1,
        1,
        null,
        null
      ],
      "/Users/manuelevidaurrea/Documents/work/agiltec/workspace/ruby/rails/cadenero/spec/features/users/sign_in_spec.rb": [
        1,
        1,
        1,
        null,
        1,
        5,
        null,
        null,
        1,
        3,
        null,
        null,
        1,
        5,
        5,
        null,
        null,
        1,
        6,
        5,
        null,
        null,
        7,
        6,
        4,
        6,
        2,
        2,
        null,
        1,
        1,
        1,
        1,
        1,
        1,
        1,
        1,
        1,
        1,
        1,
        1,
        1,
        1,
        1,
        null,
        null,
        1,
        1,
        1,
        1,
        1,
        1,
        1,
        1,
        1,
        1,
        1,
        null,
        null,
        null,
        null,
        1,
        1,
        1,
        1,
        1,
        1,
        null,
        null,
        1,
        1,
        1,
        1,
        1,
        1,
        null,
        null,
        1,
        1,
        1,
        1,
        1,
        1,
        1,
        null,
        null,
        1,
        2,
        null,
        null,
        1,
        0,
        0,
        null,
        null
      ],
      "/Users/manuelevidaurrea/Documents/work/agiltec/workspace/ruby/rails/cadenero/spec/features/users/sign_up_spec.rb": [
        1,
        null,
        1,
        1,
        null,
        null,
        1,
        1,
        null,
        null,
        1,
        1,
        1,
        1,
        null,
        null,
        1,
        2,
        2,
        1,
        1,
        1,
        1,
        1,
        null,
        null
      ],
      "/Users/manuelevidaurrea/Documents/work/agiltec/workspace/ruby/rails/cadenero/spec/generators/install_generator_spec.rb": [
        1,
        1,
        null,
        1,
        2,
        2,
        null,
        null,
        null,
        2,
        1,
        1,
        null,
        null,
        1,
        2,
        null,
        null,
        1,
        1,
        1,
        1,
        null,
        null,
        null,
        null,
        null,
        1,
        null,
        null,
        null,
        null,
        null,
        null,
        1,
        1,
        null,
        null,
        null,
        null,
        null,
        null,
        1,
        1,
        1,
        null,
        1,
        1,
        1,
        null,
        1,
        1,
        null,
        null,
        null
      ],
      "/Users/manuelevidaurrea/Documents/work/agiltec/workspace/ruby/rails/cadenero/lib/generators/cadenero/install_generator.rb": [
        1,
        1,
        1,
        1,
        1,
        1,
        1,
        1,
        1,
        1,
        1,
        null,
        1,
        1,
        null,
        1,
        1,
        1,
        1,
        null,
        null,
        null,
        1,
        1,
        null,
        null,
        null,
        null,
        1,
        1,
        null,
        null,
        null,
        1,
        null,
        1,
        null,
        null,
        null,
        null,
        null,
        null,
        null,
        1,
        null,
        null,
        null,
        null,
        null,
        1,
        1,
        null,
        null,
        null,
        null,
        1,
        1,
        null,
        null,
        null,
        null,
        1,
        1,
        null,
        null,
        null,
        null,
        1,
        1,
        null,
        null,
        null,
        null,
        1,
        1,
        1,
        1,
        null,
        0,
        0,
        0,
        null,
        null,
        null,
        1,
        1,
        0,
        0,
        null,
        null,
        null,
        1,
        1,
        1,
        1,
        1,
        null,
        1,
        1,
        0,
        0,
        null,
        null,
        null,
        1,
        1,
        1,
        null,
        null,
        null,
        null,
        null,
        null,
        1,
        null,
        null,
        null,
        1,
        1,
        1,
        null,
        null,
        null,
        1,
        1,
        null,
        1,
        null,
        null,
        1,
        0,
        0,
        null,
        1,
        null,
        null,
        null,
        null,
        1,
        null,
        null,
        1,
        1,
        1,
        null,
        null,
        1,
        null,
        1,
        5,
        5,
        5,
        null,
        null,
        1,
        0,
        null,
        null,
        1,
        0,
        0,
        0,
        null,
        null,
        null,
        null
      ],
      "/Users/manuelevidaurrea/Documents/work/agiltec/workspace/ruby/rails/cadenero/spec/models/cadenero/account_spec.rb": [
        1,
        null,
        1,
        1,
        4,
        null,
        1,
        1,
        null,
        null,
        1,
        1,
        1,
        1,
        null,
        null,
        1,
        1,
        1,
        null,
        null,
        1,
        1,
        null,
        null,
        null,
        null,
        null,
        null,
        null,
        null,
        1,
        1,
        null,
        null,
        null,
        null
      ],
      "/Users/manuelevidaurrea/Documents/work/agiltec/workspace/ruby/rails/cadenero/spec/models/cadenero/member_spec.rb": [
        1,
        null,
        1,
        1,
        null,
        null,
        null
      ],
      "/Users/manuelevidaurrea/Documents/work/agiltec/workspace/ruby/rails/cadenero/spec/models/cadenero/user_spec.rb": [
        1,
        null,
        1,
        1,
        null,
        null,
        null
      ],
      "/Users/manuelevidaurrea/Documents/work/agiltec/workspace/ruby/rails/cadenero/spec/dummy/db/schema.rb": [
        null,
        null,
        null,
        null,
        null,
        null,
        null,
        null,
        null,
        null,
        null,
        null,
        null,
        1,
        null,
        1,
        1,
        1,
        1,
        1,
        1,
        1,
        null,
        null,
        1,
        1,
        null,
        1,
        1,
        1,
        1,
        1,
        null,
        null,
        1,
        1,
        null,
        1,
        1,
        1,
        1,
        1,
        null,
        null,
        null
      ],
      "/Users/manuelevidaurrea/Documents/work/agiltec/workspace/ruby/rails/cadenero/spec/dummy/config/initializers/cadenero.rb": [

      ],
      "/Users/manuelevidaurrea/Documents/work/agiltec/workspace/ruby/rails/cadenero/db/seeds.rb": [
        1,
        null,
        null,
        null,
        null,
        null,
        1,
        1
      ]
    },
    "timestamp": 1372607684
  },
  "Cucumber Features": {
    "coverage": {
      "/Users/manuelevidaurrea/Documents/work/agiltec/workspace/ruby/rails/cadenero/spec/support/factories/account_factory.rb": [
        1,
        1,
        8,
        8,
        1,
        1,
        7,
        null,
        1,
        1,
        6,
        null,
        null,
        null,
        null
      ],
      "/Users/manuelevidaurrea/Documents/work/agiltec/workspace/ruby/rails/cadenero/spec/support/factories/user_factory.rb": [
        1,
        1,
        8,
        1,
        null,
        null
      ],
      "/Users/manuelevidaurrea/Documents/work/agiltec/workspace/ruby/rails/cadenero/spec/support/generator_macros.rb": [
        1,
        1,
        1,
        0,
        0,
        null,
        null,
        0,
        0,
        null,
        0,
        null,
        null,
        null,
        1,
        0,
        null,
        null,
        1,
        0,
        null,
        null,
        null,
        null,
        1,
        1,
        null,
        null,
        null
      ],
      "/Users/manuelevidaurrea/Documents/work/agiltec/workspace/ruby/rails/cadenero/spec/support/subdomain_helpers.rb": [
        1,
        1,
        7,
        7,
        7,
        1,
        null,
        null
      ],
      "/Users/manuelevidaurrea/Documents/work/agiltec/workspace/ruby/rails/cadenero/spec/dummy/db/schema.rb": [
        null,
        null,
        null,
        null,
        null,
        null,
        null,
        null,
        null,
        null,
        null,
        null,
        null,
        1,
        null,
        1,
        1,
        1,
        1,
        1,
        1,
        1,
        null,
        null,
        1,
        1,
        null,
        1,
        1,
        1,
        1,
        1,
        null,
        null,
        1,
        1,
        null,
        1,
        1,
        1,
        1,
        1,
        null,
        null,
        null
      ]
    },
    "timestamp": 1372604377
  }
}
